> Task :app:checkKotlinGradlePluginConfigurationErrors
> Task :app:preBuild UP-TO-DATE
> Task :app:preDebugBuild UP-TO-DATE
> Task :app:generateDebugBuildConfig UP-TO-DATE
> Task :app:checkDebugAarMetadata UP-TO-DATE
> Task :app:generateDebugResValues UP-TO-DATE
> Task :app:mapDebugSourceSetPaths UP-TO-DATE
> Task :app:generateDebugResources UP-TO-DATE
> Task :app:mergeDebugResources UP-TO-DATE
> Task :app:packageDebugResources UP-TO-DATE
> Task :app:parseDebugLocalResources UP-TO-DATE
> Task :app:createDebugCompatibleScreenManifests UP-TO-DATE
> Task :app:extractDeepLinksDebug UP-TO-DATE
> Task :app:processDebugMainManifest UP-TO-DATE
> Task :app:processDebugManifest UP-TO-DATE
> Task :app:processDebugManifestForPackage UP-TO-DATE
> Task :app:processDebugResources UP-TO-DATE
> Task :app:kaptGenerateStubsDebugKotlin UP-TO-DATE
> Task :app:kaptDebugKotlin UP-TO-DATE

> Task :app:compileDebugKotlin FAILED
.\gradlew.bat : e: This version (1.5.4) of the 
Compose Compiler requires Kotlin version 1.9.20 but 
you appear to be using Kotlin version 1.9.21 which 
is not known to be compatible.  Please consult the 
Compose-Kotlin compatibility map located at https://
developer.android.com/jetpack/androidx/releases/comp
ose-kotlin to choose a compatible version pair (or 
`suppressKotlinVersionCompatibilityCheck` but don't 
say I didn't warn you!).
At line:1 char:77
+ ... jdk-17.0.18.8-hotspot"; .\gradlew.bat 
compileDebugKotlin 2>&1 | Out-F ...
+                             
~~~~~~~~~~~~~~~~~~~~~~~~~~~~~~~~~~~~~
    + CategoryInfo          : NotSpecified: (e: Thi 
   s version...n't warn you!).:String) [], RemoteE  
  xception
    + FullyQualifiedErrorId : NativeCommandError
 

FAILURE: Build failed with an exception.

* What went wrong:
Execution failed for task ':app:compileDebugKotlin'.
> A failure occurred while executing org.jetbrains.k
otlin.compilerRunner.GradleCompilerRunnerWithWorkers
$GradleKotlinCompilerWorkAction
   > Compilation error. See log for more details

* Try:
> Run with --stacktrace option to get the stack 
trace.
> Run with --info or --debug option to get more log 
output.
> Run with --scan to get full insights.
> Get more help at https://help.gradle.org.

BUILD FAILED in 3s
17 actionable tasks: 2 executed, 15 up-to-date
